Arguments: 
  C:\Program Files\nodejs\node.exe C:\Users\thail\AppData\Roaming\npm\node_modules\yarn\bin\yarn.js add express ejs

PATH: 
  D:\Users\thail\AppData\Local\Programs\Python\Python310\Scripts\;D:\Users\thail\AppData\Local\Programs\Python\Python310\;D:\Program Files (x86)\VMware\VMware Workstation\bin\;C:\Program Files\Common Files\Oracle\Java\javapath;C:\Windows\system32;C:\Windows;C:\Windows\System32\Wbem;C:\Windows\System32\WindowsPowerShell\v1.0\;C:\Windows\System32\OpenSSH\;C:\ProgramData\chocolatey\bin;D:\Program Files\Git\cmd;C:\Program Files\Microsoft SQL Server\150\Tools\Binn\;C:\Program Files\Microsoft SQL Server\Client SDK\ODBC\170\Tools\Binn\;C:\Users\thail\AppData\Local\Microsoft\WindowsApps;C:\Users\thail\AppData\Roaming\npm;C:\Users\thail\.dotnet\tools;D:\Working\Dev\Scripts;C:\Users\thail\flutter\bin;C:\Users\thail\AppData\Local\Android\Sdk\platform-tools;D:\Downloads\Carnac;C:\Users\thail\AppData\Local\Android\Sdk\emulator;C:\Users\thail\AppData\Local\Pub\Cache\bin;C:\Users\thail\AppData\Local\Programs\Microsoft VS Code\bin;C:\Users\thail\go\bin;D:\Downloads\scrcpy;C:\adb;C:\Program Files\dotnet\;C:\Program Files\Go\bin;C:\Program Files\nodejs\;C:\Program Files\Docker\Docker\resources\bin;C:\Program Files\Java\jdk-11.0.12\bin;D:\Program Files (x86)\VMware\VMware Workstation;D:\Program Files\heroku\bin;C:\Program Files\JetBrains\WebStorm 2022.2\bin;C:\Program Files\JetBrains\PyCharm Community Edition 2022.1.4\bin;C:\Program Files\JetBrains\GoLand 2022.1.3\bin;C:\msys64\mingw64\bin;C:\Program Files\JetBrains\DataGrip 2022.2.4\bin;C:\Program Files\JetBrains\JetBrains Rider 2022.2.3\bin;C:\Users\thail\Desktop\lv\code\asset-service-package\vips-dev-8.13\bin

Yarn version: 
  1.22.19

Node version: 
  16.17.0

Platform: 
  win32 x64

Trace: 
  SyntaxError: C:\Users\thail\Desktop\lv\code\backend-node\mail-service\package.json: Unexpected token } in JSON at position 465
      at JSON.parse (<anonymous>)
      at C:\Users\thail\AppData\Roaming\npm\node_modules\yarn\lib\cli.js:1629:59
      at Generator.next (<anonymous>)
      at step (C:\Users\thail\AppData\Roaming\npm\node_modules\yarn\lib\cli.js:310:30)
      at C:\Users\thail\AppData\Roaming\npm\node_modules\yarn\lib\cli.js:321:13

npm manifest: 
  {
    "name": "mail-service",
    "version": "1.0.0",
    "main": "index.js",
    "license": "MIT",
    "scripts": {
      "start": "cross-env NODE_ENV=production node dist/index.js",
      "lint": "eslint . --ext .js",
      "dev:local": "cross-env NODE_ENV=development_local nodemon src/index.js",
      "dev": "cross-env NODE_ENV=development nodemon src/index.js",
      "test": "cross-env TS_NODE_COMPILER_OPTIONS={\\\"module\\\":\\\"commonjs\\\"} mocha \"tests/**/*.spec.js\"",
    },
    "dependencies": {
      "kafkajs": "^2.2.3",
      "nodemailer": "^6.8.0"
    }
  }

yarn manifest: 
  No manifest

Lockfile: 
  # THIS IS AN AUTOGENERATED FILE. DO NOT EDIT THIS FILE DIRECTLY.
  # yarn lockfile v1
  
  
  kafkajs@^2.2.3:
    version "2.2.3"
    resolved "https://registry.yarnpkg.com/kafkajs/-/kafkajs-2.2.3.tgz#a1ab1b7c4a27699871a89b3978b5cfe5b05c6f3e"
    integrity sha512-JmzIiLHE/TdQ7b4I2B/DNMtfhTh66fmEaEg7gGkyQXBC6f1A7I2jSjeUsVIJfC8d9YcEIURyBjtOEKBO5OHVhg==
  
  nodemailer@^6.8.0:
    version "6.8.0"
    resolved "https://registry.yarnpkg.com/nodemailer/-/nodemailer-6.8.0.tgz#804bcc5256ee5523bc914506ee59f8de8f0b1cd5"
    integrity sha512-EjYvSmHzekz6VNkNd12aUqAco+bOkRe3Of5jVhltqKhEsjw/y0PYPJfp83+s9Wzh1dspYAkUW/YNQ350NATbSQ==
